빌드 시작: 2016-08-23 오후 7:33:48
     1>2 노드의 "C:\Users\john\Desktop\mhSeo\Projects\TelegramSeparation\TelegramSeparation\TelegramSeparation.vcxproj" 프로젝트(build 대상)입니다.
     1>InitializeBuildStatus:
         "AlwaysCreate"이(가) 지정되었기 때문에 "Debug\TelegramSeparation.unsuccessfulbuild"을(를) 만들고 있습니다.
       ClCompile:
         C:\Program Files\Microsoft Visual Studio 10.0\VC\bin\CL.exe /c /ZI /nologo /W3 /WX- /Od /Oy- /D WIN32 /D _DEBUG /D _WINDOWS /D _USRDLL /D TELEGRAMSEPARATION_EXPORTS /D _WINDLL /D _UNICODE /D UNICODE /Gm /EHsc /RTC1 /MDd /GS /fp:precise /Zc:wchar_t /Zc:forScope /Fo"Debug\\" /Fd"Debug\vc100.pdb" /Gd /TP /analyze- /errorReport:prompt Separation.cpp
         Separation.cpp
     1>c:\users\john\desktop\mhseo\projects\telegramseparation\telegramseparation\separation.cpp(357): warning C4996: 'sprintf': This function or variable may be unsafe. Consider using sprintf_s instead. To disable deprecation, use _CRT_SECURE_NO_WARNINGS. See online help for details.
                 c:\program files\microsoft visual studio 10.0\vc\include\stdio.h(371) : 'sprintf' 선언을 참조하십시오.
     1>c:\users\john\desktop\mhseo\projects\telegramseparation\telegramseparation\separation.cpp(358): warning C4996: 'strcat': This function or variable may be unsafe. Consider using strcat_s instead. To disable deprecation, use _CRT_SECURE_NO_WARNINGS. See online help for details.
                 c:\program files\microsoft visual studio 10.0\vc\include\string.h(110) : 'strcat' 선언을 참조하십시오.
     1>c:\users\john\desktop\mhseo\projects\telegramseparation\telegramseparation\separation.cpp(373): warning C4996: 'sprintf': This function or variable may be unsafe. Consider using sprintf_s instead. To disable deprecation, use _CRT_SECURE_NO_WARNINGS. See online help for details.
                 c:\program files\microsoft visual studio 10.0\vc\include\stdio.h(371) : 'sprintf' 선언을 참조하십시오.
     1>c:\users\john\desktop\mhseo\projects\telegramseparation\telegramseparation\separation.cpp(393): warning C4996: 'strcat': This function or variable may be unsafe. Consider using strcat_s instead. To disable deprecation, use _CRT_SECURE_NO_WARNINGS. See online help for details.
                 c:\program files\microsoft visual studio 10.0\vc\include\string.h(110) : 'strcat' 선언을 참조하십시오.
     1>c:\users\john\desktop\mhseo\projects\telegramseparation\telegramseparation\separation.cpp(394): warning C4996: 'strcat': This function or variable may be unsafe. Consider using strcat_s instead. To disable deprecation, use _CRT_SECURE_NO_WARNINGS. See online help for details.
                 c:\program files\microsoft visual studio 10.0\vc\include\string.h(110) : 'strcat' 선언을 참조하십시오.
     1>c:\users\john\desktop\mhseo\projects\telegramseparation\telegramseparation\separation.cpp(493): warning C4996: 'strcpy': This function or variable may be unsafe. Consider using strcpy_s instead. To disable deprecation, use _CRT_SECURE_NO_WARNINGS. See online help for details.
                 c:\program files\microsoft visual studio 10.0\vc\include\string.h(105) : 'strcpy' 선언을 참조하십시오.
     1>c:\users\john\desktop\mhseo\projects\telegramseparation\telegramseparation\separation.cpp(496): warning C4172: 지역 변수 또는 임시 변수의 주소를 반환하고 있습니다.
       ManifestResourceCompile:
         C:\Program Files\Microsoft SDKs\Windows\v7.0A\bin\rc.exe /nologo /fo"Debug\TelegramSeparation.dll.embed.manifest.res" Debug\TelegramSeparation_manifest.rc 
       Link:
         C:\Program Files\Microsoft Visual Studio 10.0\VC\bin\link.exe /ERRORREPORT:PROMPT /OUT:"C:\Users\john\Desktop\mhSeo\Projects\TelegramSeparation\Debug\TelegramSeparation.dll" /INCREMENTAL /NOLOGO kernel32.lib user32.lib gdi32.lib winspool.lib comdlg32.lib advapi32.lib shell32.lib ole32.lib oleaut32.lib uuid.lib odbc32.lib odbccp32.lib /MANIFEST /ManifestFile:"Debug\TelegramSeparation.dll.intermediate.manifest" /MANIFESTUAC:"level='asInvoker' uiAccess='false'" /DEBUG /PDB:"C:\Users\john\Desktop\mhSeo\Projects\TelegramSeparation\Debug\TelegramSeparation.pdb" /SUBSYSTEM:WINDOWS /TLBID:1 /DYNAMICBASE /NXCOMPAT /IMPLIB:"C:\Users\john\Desktop\mhSeo\Projects\TelegramSeparation\Debug\TelegramSeparation.lib" /MACHINE:X86 /DLL Debug\TelegramSeparation.dll.embed.manifest.res
         Debug\Separation.obj
            C:\Users\john\Desktop\mhSeo\Projects\TelegramSeparation\Debug\TelegramSeparation.lib 라이브러리 및 C:\Users\john\Desktop\mhSeo\Projects\TelegramSeparation\Debug\TelegramSeparation.exp 개체를 생성하고 있습니다.
       Manifest:
         C:\Program Files\Microsoft SDKs\Windows\v7.0A\bin\mt.exe /nologo /verbose /out:"Debug\TelegramSeparation.dll.embed.manifest" /manifest Debug\TelegramSeparation.dll.intermediate.manifest
         C:\Program Files\Microsoft SDKs\Windows\v7.0A\bin\rc.exe /nologo /fo"Debug\TelegramSeparation.dll.embed.manifest.res" Debug\TelegramSeparation_manifest.rc 
       LinkEmbedManifest:
         C:\Program Files\Microsoft Visual Studio 10.0\VC\bin\link.exe /ERRORREPORT:PROMPT /OUT:"C:\Users\john\Desktop\mhSeo\Projects\TelegramSeparation\Debug\TelegramSeparation.dll" /INCREMENTAL /NOLOGO kernel32.lib user32.lib gdi32.lib winspool.lib comdlg32.lib advapi32.lib shell32.lib ole32.lib oleaut32.lib uuid.lib odbc32.lib odbccp32.lib /MANIFEST /ManifestFile:"Debug\TelegramSeparation.dll.intermediate.manifest" /MANIFESTUAC:"level='asInvoker' uiAccess='false'" /DEBUG /PDB:"C:\Users\john\Desktop\mhSeo\Projects\TelegramSeparation\Debug\TelegramSeparation.pdb" /SUBSYSTEM:WINDOWS /TLBID:1 /DYNAMICBASE /NXCOMPAT /IMPLIB:"C:\Users\john\Desktop\mhSeo\Projects\TelegramSeparation\Debug\TelegramSeparation.lib" /MACHINE:X86 /DLL Debug\TelegramSeparation.dll.embed.manifest.res
         Debug\Separation.obj
            C:\Users\john\Desktop\mhSeo\Projects\TelegramSeparation\Debug\TelegramSeparation.lib 라이브러리 및 C:\Users\john\Desktop\mhSeo\Projects\TelegramSeparation\Debug\TelegramSeparation.exp 개체를 생성하고 있습니다.
         TelegramSeparation.vcxproj -> C:\Users\john\Desktop\mhSeo\Projects\TelegramSeparation\Debug\TelegramSeparation.dll
       FinalizeBuildStatus:
         "Debug\TelegramSeparation.unsuccessfulbuild" 파일을 삭제하고 있습니다.
         "Debug\TelegramSeparation.lastbuildstate"에 연결(touching)하고 있습니다.
     1>"C:\Users\john\Desktop\mhSeo\Projects\TelegramSeparation\TelegramSeparation\TelegramSeparation.vcxproj" 프로젝트를 빌드했습니다(build 대상).

빌드했습니다.

경과 시간: 00:00:02.67
