C:\USERS\JOHN\DESKTOP\MHSEO\PROJECTS\TELEGRAMSEPARATION\DEBUG\TELEGRAMSEPARATION.DLL
C:\Users\john\Desktop\mhSeo\Projects\TelegramSeparation\Debug\TelegramSeparation.exp
C:\USERS\JOHN\DESKTOP\MHSEO\PROJECTS\TELEGRAMSEPARATION\DEBUG\TELEGRAMSEPARATION.ILK
C:\Users\john\Desktop\mhSeo\Projects\TelegramSeparation\Debug\TelegramSeparation.lib
C:\USERS\JOHN\DESKTOP\MHSEO\PROJECTS\TELEGRAMSEPARATION\DEBUG\TELEGRAMSEPARATION.PDB
C:\Users\john\Desktop\mhSeo\Projects\TelegramSeparation\TelegramSeparation\Debug\cl.command.1.tlog
C:\Users\john\Desktop\mhSeo\Projects\TelegramSeparation\TelegramSeparation\Debug\CL.read.1.tlog
C:\Users\john\Desktop\mhSeo\Projects\TelegramSeparation\TelegramSeparation\Debug\CL.write.1.tlog
C:\Users\john\Desktop\mhSeo\Projects\TelegramSeparation\TelegramSeparation\Debug\link.7304.read.1.tlog
C:\Users\john\Desktop\mhSeo\Projects\TelegramSeparation\TelegramSeparation\Debug\link.7304.write.1.tlog
C:\Users\john\Desktop\mhSeo\Projects\TelegramSeparation\TelegramSeparation\Debug\link.7304-cvtres.read.1.tlog
C:\Users\john\Desktop\mhSeo\Projects\TelegramSeparation\TelegramSeparation\Debug\link.7304-cvtres.write.1.tlog
C:\Users\john\Desktop\mhSeo\Projects\TelegramSeparation\TelegramSeparation\Debug\link.command.1.tlog
C:\Users\john\Desktop\mhSeo\Projects\TelegramSeparation\TelegramSeparation\Debug\link.read.1.tlog
C:\Users\john\Desktop\mhSeo\Projects\TelegramSeparation\TelegramSeparation\Debug\link.write.1.tlog
C:\Users\john\Desktop\mhSeo\Projects\TelegramSeparation\TelegramSeparation\Debug\link-cvtres.read.1.tlog
C:\Users\john\Desktop\mhSeo\Projects\TelegramSeparation\TelegramSeparation\Debug\link-cvtres.write.1.tlog
C:\Users\john\Desktop\mhSeo\Projects\TelegramSeparation\TelegramSeparation\Debug\mt.command.1.tlog
C:\Users\john\Desktop\mhSeo\Projects\TelegramSeparation\TelegramSeparation\Debug\mt.read.1.tlog
C:\Users\john\Desktop\mhSeo\Projects\TelegramSeparation\TelegramSeparation\Debug\mt.write.1.tlog
C:\Users\john\Desktop\mhSeo\Projects\TelegramSeparation\TelegramSeparation\Debug\rc.command.1.tlog
C:\Users\john\Desktop\mhSeo\Projects\TelegramSeparation\TelegramSeparation\Debug\rc.read.1.tlog
C:\Users\john\Desktop\mhSeo\Projects\TelegramSeparation\TelegramSeparation\Debug\rc.write.1.tlog
C:\USERS\JOHN\DESKTOP\MHSEO\PROJECTS\TELEGRAMSEPARATION\TELEGRAMSEPARATION\DEBUG\SEPARATION.OBJ
C:\USERS\JOHN\DESKTOP\MHSEO\PROJECTS\TELEGRAMSEPARATION\TELEGRAMSEPARATION\DEBUG\TELEGRAMSEPARATION.DLL.EMBED.MANIFEST
C:\USERS\JOHN\DESKTOP\MHSEO\PROJECTS\TELEGRAMSEPARATION\TELEGRAMSEPARATION\DEBUG\TELEGRAMSEPARATION.DLL.EMBED.MANIFEST.RES
C:\USERS\JOHN\DESKTOP\MHSEO\PROJECTS\TELEGRAMSEPARATION\TELEGRAMSEPARATION\DEBUG\TELEGRAMSEPARATION.DLL.INTERMEDIATE.MANIFEST
C:\Users\john\Desktop\mhSeo\Projects\TelegramSeparation\TelegramSeparation\Debug\TelegramSeparation.write.1.tlog
C:\Users\john\Desktop\mhSeo\Projects\TelegramSeparation\TelegramSeparation\Debug\TelegramSeparation_manifest.rc
C:\Users\john\Desktop\mhSeo\Projects\TelegramSeparation\TelegramSeparation\Debug\vc100.idb
C:\USERS\JOHN\DESKTOP\MHSEO\PROJECTS\TELEGRAMSEPARATION\TELEGRAMSEPARATION\DEBUG\VC100.PDB
